<?xml version="1.0" encoding="UTF-8"?>
<testsuite xmlns:xsi="http://www.w3.org/2001/XMLSchema-instance" xsi:noNamespaceSchemaLocation="https://maven.apache.org/surefire/maven-surefire-plugin/xsd/surefire-test-report.xsd" name="com.test.services.AutoCompleteServiceTest" time="10.536" tests="1" errors="0" skipped="0" failures="0">
  <properties>
    <property name="gopherProxySet" value="false"/>
    <property name="awt.toolkit" value="sun.lwawt.macosx.LWCToolkit"/>
    <property name="file.encoding.pkg" value="sun.io"/>
    <property name="java.specification.version" value="1.8"/>
    <property name="sun.cpu.isalist" value=""/>
    <property name="sun.jnu.encoding" value="UTF-8"/>
    <property name="java.class.path" value="/Users/dineshkorani/temp/city_auto/cit_autocomplete/target/test-classes:/Users/dineshkorani/temp/city_auto/cit_autocomplete/target/classes:/Users/dineshkorani/.m2/repository/org/springframework/boot/spring-boot-starter/2.0.0.RELEASE/spring-boot-starter-2.0.0.RELEASE.jar:/Users/dineshkorani/.m2/repository/org/springframework/boot/spring-boot/2.0.0.RELEASE/spring-boot-2.0.0.RELEASE.jar:/Users/dineshkorani/.m2/repository/org/springframework/boot/spring-boot-autoconfigure/2.0.0.RELEASE/spring-boot-autoconfigure-2.0.0.RELEASE.jar:/Users/dineshkorani/.m2/repository/org/springframework/boot/spring-boot-starter-logging/2.0.0.RELEASE/spring-boot-starter-logging-2.0.0.RELEASE.jar:/Users/dineshkorani/.m2/repository/ch/qos/logback/logback-classic/1.2.3/logback-classic-1.2.3.jar:/Users/dineshkorani/.m2/repository/ch/qos/logback/logback-core/1.2.3/logback-core-1.2.3.jar:/Users/dineshkorani/.m2/repository/org/apache/logging/log4j/log4j-to-slf4j/2.10.0/log4j-to-slf4j-2.10.0.jar:/Users/dineshkorani/.m2/repository/javax/annotation/javax.annotation-api/1.3.2/javax.annotation-api-1.3.2.jar:/Users/dineshkorani/.m2/repository/org/springframework/spring-core/5.0.4.RELEASE/spring-core-5.0.4.RELEASE.jar:/Users/dineshkorani/.m2/repository/org/springframework/spring-jcl/5.0.4.RELEASE/spring-jcl-5.0.4.RELEASE.jar:/Users/dineshkorani/.m2/repository/org/yaml/snakeyaml/1.19/snakeyaml-1.19.jar:/Users/dineshkorani/.m2/repository/org/springframework/boot/spring-boot-starter-web/2.0.0.RELEASE/spring-boot-starter-web-2.0.0.RELEASE.jar:/Users/dineshkorani/.m2/repository/org/springframework/boot/spring-boot-starter-json/2.0.0.RELEASE/spring-boot-starter-json-2.0.0.RELEASE.jar:/Users/dineshkorani/.m2/repository/com/fasterxml/jackson/datatype/jackson-datatype-jsr310/2.9.4/jackson-datatype-jsr310-2.9.4.jar:/Users/dineshkorani/.m2/repository/com/fasterxml/jackson/module/jackson-module-parameter-names/2.9.4/jackson-module-parameter-names-2.9.4.jar:/Users/dineshkorani/.m2/repository/org/hibernate/validator/hibernate-validator/6.0.7.Final/hibernate-validator-6.0.7.Final.jar:/Users/dineshkorani/.m2/repository/javax/validation/validation-api/2.0.1.Final/validation-api-2.0.1.Final.jar:/Users/dineshkorani/.m2/repository/org/jboss/logging/jboss-logging/3.3.2.Final/jboss-logging-3.3.2.Final.jar:/Users/dineshkorani/.m2/repository/com/fasterxml/classmate/1.3.4/classmate-1.3.4.jar:/Users/dineshkorani/.m2/repository/org/springframework/spring-web/5.0.4.RELEASE/spring-web-5.0.4.RELEASE.jar:/Users/dineshkorani/.m2/repository/org/springframework/boot/spring-boot-starter-data-redis/2.0.0.RELEASE/spring-boot-starter-data-redis-2.0.0.RELEASE.jar:/Users/dineshkorani/.m2/repository/org/springframework/data/spring-data-redis/2.0.5.RELEASE/spring-data-redis-2.0.5.RELEASE.jar:/Users/dineshkorani/.m2/repository/org/springframework/data/spring-data-keyvalue/2.0.5.RELEASE/spring-data-keyvalue-2.0.5.RELEASE.jar:/Users/dineshkorani/.m2/repository/org/springframework/data/spring-data-commons/2.0.5.RELEASE/spring-data-commons-2.0.5.RELEASE.jar:/Users/dineshkorani/.m2/repository/org/springframework/spring-tx/5.0.4.RELEASE/spring-tx-5.0.4.RELEASE.jar:/Users/dineshkorani/.m2/repository/org/springframework/spring-oxm/5.0.4.RELEASE/spring-oxm-5.0.4.RELEASE.jar:/Users/dineshkorani/.m2/repository/org/slf4j/slf4j-api/1.7.25/slf4j-api-1.7.25.jar:/Users/dineshkorani/.m2/repository/io/lettuce/lettuce-core/5.0.2.RELEASE/lettuce-core-5.0.2.RELEASE.jar:/Users/dineshkorani/.m2/repository/io/projectreactor/reactor-core/3.1.5.RELEASE/reactor-core-3.1.5.RELEASE.jar:/Users/dineshkorani/.m2/repository/org/reactivestreams/reactive-streams/1.0.2/reactive-streams-1.0.2.jar:/Users/dineshkorani/.m2/repository/io/netty/netty-common/4.1.22.Final/netty-common-4.1.22.Final.jar:/Users/dineshkorani/.m2/repository/io/netty/netty-transport/4.1.22.Final/netty-transport-4.1.22.Final.jar:/Users/dineshkorani/.m2/repository/io/netty/netty-buffer/4.1.22.Final/netty-buffer-4.1.22.Final.jar:/Users/dineshkorani/.m2/repository/io/netty/netty-resolver/4.1.22.Final/netty-resolver-4.1.22.Final.jar:/Users/dineshkorani/.m2/repository/io/netty/netty-handler/4.1.22.Final/netty-handler-4.1.22.Final.jar:/Users/dineshkorani/.m2/repository/io/netty/netty-codec/4.1.22.Final/netty-codec-4.1.22.Final.jar:/Users/dineshkorani/.m2/repository/org/springframework/boot/spring-boot-starter-security/2.0.0.RELEASE/spring-boot-starter-security-2.0.0.RELEASE.jar:/Users/dineshkorani/.m2/repository/org/springframework/spring-aop/5.0.4.RELEASE/spring-aop-5.0.4.RELEASE.jar:/Users/dineshkorani/.m2/repository/org/springframework/security/spring-security-config/5.0.3.RELEASE/spring-security-config-5.0.3.RELEASE.jar:/Users/dineshkorani/.m2/repository/org/springframework/security/spring-security-core/5.0.3.RELEASE/spring-security-core-5.0.3.RELEASE.jar:/Users/dineshkorani/.m2/repository/org/springframework/security/spring-security-web/5.0.3.RELEASE/spring-security-web-5.0.3.RELEASE.jar:/Users/dineshkorani/.m2/repository/org/springframework/boot/spring-boot-starter-cache/2.0.0.RELEASE/spring-boot-starter-cache-2.0.0.RELEASE.jar:/Users/dineshkorani/.m2/repository/org/springframework/spring-context/5.0.4.RELEASE/spring-context-5.0.4.RELEASE.jar:/Users/dineshkorani/.m2/repository/com/github/ben-manes/caffeine/caffeine/1.0.0/caffeine-1.0.0.jar:/Users/dineshkorani/.m2/repository/com/github/ben-manes/caffeine/tracing-api/1.0.0/tracing-api-1.0.0.jar:/Users/dineshkorani/.m2/repository/com/google/code/findbugs/jsr305/3.0.0/jsr305-3.0.0.jar:/Users/dineshkorani/.m2/repository/javax/persistence/persistence-api/1.0/persistence-api-1.0.jar:/Users/dineshkorani/.m2/repository/org/springframework/boot/spring-boot-starter-actuator/2.0.0.RELEASE/spring-boot-starter-actuator-2.0.0.RELEASE.jar:/Users/dineshkorani/.m2/repository/org/springframework/boot/spring-boot-actuator-autoconfigure/2.0.0.RELEASE/spring-boot-actuator-autoconfigure-2.0.0.RELEASE.jar:/Users/dineshkorani/.m2/repository/org/springframework/boot/spring-boot-actuator/2.0.0.RELEASE/spring-boot-actuator-2.0.0.RELEASE.jar:/Users/dineshkorani/.m2/repository/io/micrometer/micrometer-core/1.0.1/micrometer-core-1.0.1.jar:/Users/dineshkorani/.m2/repository/org/hdrhistogram/HdrHistogram/2.1.10/HdrHistogram-2.1.10.jar:/Users/dineshkorani/.m2/repository/org/latencyutils/LatencyUtils/2.0.3/LatencyUtils-2.0.3.jar:/Users/dineshkorani/.m2/repository/com/fasterxml/jackson/core/jackson-core/2.9.2/jackson-core-2.9.2.jar:/Users/dineshkorani/.m2/repository/org/springframework/spring-context-support/5.0.4.RELEASE/spring-context-support-5.0.4.RELEASE.jar:/Users/dineshkorani/.m2/repository/org/springframework/spring-beans/5.0.4.RELEASE/spring-beans-5.0.4.RELEASE.jar:/Users/dineshkorani/.m2/repository/com/fasterxml/jackson/core/jackson-databind/2.9.5/jackson-databind-2.9.5.jar:/Users/dineshkorani/.m2/repository/com/fasterxml/jackson/core/jackson-annotations/2.9.0/jackson-annotations-2.9.0.jar:/Users/dineshkorani/.m2/repository/com/fasterxml/jackson/datatype/jackson-datatype-jdk8/2.9.6/jackson-datatype-jdk8-2.9.6.jar:/Users/dineshkorani/.m2/repository/org/springframework/boot/spring-boot-starter-log4j2/2.0.0.RELEASE/spring-boot-starter-log4j2-2.0.0.RELEASE.jar:/Users/dineshkorani/.m2/repository/org/apache/logging/log4j/log4j-slf4j-impl/2.10.0/log4j-slf4j-impl-2.10.0.jar:/Users/dineshkorani/.m2/repository/org/apache/logging/log4j/log4j-api/2.10.0/log4j-api-2.10.0.jar:/Users/dineshkorani/.m2/repository/org/apache/logging/log4j/log4j-core/2.10.0/log4j-core-2.10.0.jar:/Users/dineshkorani/.m2/repository/org/slf4j/jul-to-slf4j/1.7.25/jul-to-slf4j-1.7.25.jar:/Users/dineshkorani/.m2/repository/org/springframework/boot/spring-boot-starter-tomcat/2.0.0.RELEASE/spring-boot-starter-tomcat-2.0.0.RELEASE.jar:/Users/dineshkorani/.m2/repository/org/apache/tomcat/embed/tomcat-embed-core/8.5.28/tomcat-embed-core-8.5.28.jar:/Users/dineshkorani/.m2/repository/org/apache/tomcat/embed/tomcat-embed-el/8.5.28/tomcat-embed-el-8.5.28.jar:/Users/dineshkorani/.m2/repository/org/apache/tomcat/embed/tomcat-embed-websocket/8.5.28/tomcat-embed-websocket-8.5.28.jar:/Users/dineshkorani/.m2/repository/org/apache/tomcat/embed/tomcat-embed-jasper/8.5.28/tomcat-embed-jasper-8.5.28.jar:/Users/dineshkorani/.m2/repository/org/eclipse/jdt/ecj/3.12.3/ecj-3.12.3.jar:/Users/dineshkorani/.m2/repository/org/elasticsearch/client/elasticsearch-rest-high-level-client/6.2.2/elasticsearch-rest-high-level-client-6.2.2.jar:/Users/dineshkorani/.m2/repository/org/elasticsearch/elasticsearch/5.6.8/elasticsearch-5.6.8.jar:/Users/dineshkorani/.m2/repository/org/apache/lucene/lucene-core/6.6.1/lucene-core-6.6.1.jar:/Users/dineshkorani/.m2/repository/org/apache/lucene/lucene-analyzers-common/6.6.1/lucene-analyzers-common-6.6.1.jar:/Users/dineshkorani/.m2/repository/org/apache/lucene/lucene-backward-codecs/6.6.1/lucene-backward-codecs-6.6.1.jar:/Users/dineshkorani/.m2/repository/org/apache/lucene/lucene-grouping/6.6.1/lucene-grouping-6.6.1.jar:/Users/dineshkorani/.m2/repository/org/apache/lucene/lucene-highlighter/6.6.1/lucene-highlighter-6.6.1.jar:/Users/dineshkorani/.m2/repository/org/apache/lucene/lucene-join/6.6.1/lucene-join-6.6.1.jar:/Users/dineshkorani/.m2/repository/org/apache/lucene/lucene-memory/6.6.1/lucene-memory-6.6.1.jar:/Users/dineshkorani/.m2/repository/org/apache/lucene/lucene-misc/6.6.1/lucene-misc-6.6.1.jar:/Users/dineshkorani/.m2/repository/org/apache/lucene/lucene-queries/6.6.1/lucene-queries-6.6.1.jar:/Users/dineshkorani/.m2/repository/org/apache/lucene/lucene-queryparser/6.6.1/lucene-queryparser-6.6.1.jar:/Users/dineshkorani/.m2/repository/org/apache/lucene/lucene-sandbox/6.6.1/lucene-sandbox-6.6.1.jar:/Users/dineshkorani/.m2/repository/org/apache/lucene/lucene-spatial/6.6.1/lucene-spatial-6.6.1.jar:/Users/dineshkorani/.m2/repository/org/apache/lucene/lucene-spatial-extras/6.6.1/lucene-spatial-extras-6.6.1.jar:/Users/dineshkorani/.m2/repository/org/apache/lucene/lucene-spatial3d/6.6.1/lucene-spatial3d-6.6.1.jar:/Users/dineshkorani/.m2/repository/org/apache/lucene/lucene-suggest/6.6.1/lucene-suggest-6.6.1.jar:/Users/dineshkorani/.m2/repository/org/elasticsearch/securesm/1.2/securesm-1.2.jar:/Users/dineshkorani/.m2/repository/net/sf/jopt-simple/jopt-simple/5.0.2/jopt-simple-5.0.2.jar:/Users/dineshkorani/.m2/repository/com/carrotsearch/hppc/0.7.1/hppc-0.7.1.jar:/Users/dineshkorani/.m2/repository/joda-time/joda-time/2.9.9/joda-time-2.9.9.jar:/Users/dineshkorani/.m2/repository/com/fasterxml/jackson/dataformat/jackson-dataformat-smile/2.9.4/jackson-dataformat-smile-2.9.4.jar:/Users/dineshkorani/.m2/repository/com/fasterxml/jackson/dataformat/jackson-dataformat-yaml/2.9.4/jackson-dataformat-yaml-2.9.4.jar:/Users/dineshkorani/.m2/repository/com/fasterxml/jackson/dataformat/jackson-dataformat-cbor/2.9.4/jackson-dataformat-cbor-2.9.4.jar:/Users/dineshkorani/.m2/repository/com/tdunning/t-digest/3.0/t-digest-3.0.jar:/Users/dineshkorani/.m2/repository/org/elasticsearch/jna/4.4.0-1/jna-4.4.0-1.jar:/Users/dineshkorani/.m2/repository/org/elasticsearch/client/elasticsearch-rest-client/6.2.2/elasticsearch-rest-client-6.2.2.jar:/Users/dineshkorani/.m2/repository/org/apache/httpcomponents/httpasyncclient/4.1.3/httpasyncclient-4.1.3.jar:/Users/dineshkorani/.m2/repository/org/apache/httpcomponents/httpcore-nio/4.4.9/httpcore-nio-4.4.9.jar:/Users/dineshkorani/.m2/repository/commons-logging/commons-logging/1.1.3/commons-logging-1.1.3.jar:/Users/dineshkorani/.m2/repository/org/elasticsearch/plugin/parent-join-client/6.2.2/parent-join-client-6.2.2.jar:/Users/dineshkorani/.m2/repository/org/locationtech/spatial4j/spatial4j/0.6/spatial4j-0.6.jar:/Users/dineshkorani/.m2/repository/com/vividsolutions/jts/1.13/jts-1.13.jar:/Users/dineshkorani/.m2/repository/org/elasticsearch/plugin/aggs-matrix-stats-client/6.2.2/aggs-matrix-stats-client-6.2.2.jar:/Users/dineshkorani/.m2/repository/org/elasticsearch/plugin/rank-eval-client/6.2.2/rank-eval-client-6.2.2.jar:/Users/dineshkorani/.m2/repository/com/google/code/gson/gson/2.8.5/gson-2.8.5.jar:/Users/dineshkorani/.m2/repository/org/springframework/spring-webmvc/5.0.9.RELEASE/spring-webmvc-5.0.9.RELEASE.jar:/Users/dineshkorani/.m2/repository/org/springframework/spring-expression/5.0.4.RELEASE/spring-expression-5.0.4.RELEASE.jar:/Users/dineshkorani/.m2/repository/org/apache/httpcomponents/httpclient/4.5.6/httpclient-4.5.6.jar:/Users/dineshkorani/.m2/repository/org/apache/httpcomponents/httpcore/4.4.9/httpcore-4.4.9.jar:/Users/dineshkorani/.m2/repository/commons-codec/commons-codec/1.11/commons-codec-1.11.jar:/Users/dineshkorani/.m2/repository/junit/junit/4.12/junit-4.12.jar:/Users/dineshkorani/.m2/repository/org/hamcrest/hamcrest-core/1.3/hamcrest-core-1.3.jar:/Users/dineshkorani/.m2/repository/org/springframework/boot/spring-boot-starter-test/2.0.4.RELEASE/spring-boot-starter-test-2.0.4.RELEASE.jar:/Users/dineshkorani/.m2/repository/org/springframework/boot/spring-boot-test/2.0.0.RELEASE/spring-boot-test-2.0.0.RELEASE.jar:/Users/dineshkorani/.m2/repository/org/springframework/boot/spring-boot-test-autoconfigure/2.0.0.RELEASE/spring-boot-test-autoconfigure-2.0.0.RELEASE.jar:/Users/dineshkorani/.m2/repository/com/jayway/jsonpath/json-path/2.4.0/json-path-2.4.0.jar:/Users/dineshkorani/.m2/repository/net/minidev/json-smart/2.3/json-smart-2.3.jar:/Users/dineshkorani/.m2/repository/net/minidev/accessors-smart/1.2/accessors-smart-1.2.jar:/Users/dineshkorani/.m2/repository/org/ow2/asm/asm/5.0.4/asm-5.0.4.jar:/Users/dineshkorani/.m2/repository/org/assertj/assertj-core/3.9.1/assertj-core-3.9.1.jar:/Users/dineshkorani/.m2/repository/org/mockito/mockito-core/2.15.0/mockito-core-2.15.0.jar:/Users/dineshkorani/.m2/repository/net/bytebuddy/byte-buddy/1.7.10/byte-buddy-1.7.10.jar:/Users/dineshkorani/.m2/repository/net/bytebuddy/byte-buddy-agent/1.7.10/byte-buddy-agent-1.7.10.jar:/Users/dineshkorani/.m2/repository/org/objenesis/objenesis/2.6/objenesis-2.6.jar:/Users/dineshkorani/.m2/repository/org/hamcrest/hamcrest-library/1.3/hamcrest-library-1.3.jar:/Users/dineshkorani/.m2/repository/org/skyscreamer/jsonassert/1.5.0/jsonassert-1.5.0.jar:/Users/dineshkorani/.m2/repository/com/vaadin/external/google/android-json/0.0.20131108.vaadin1/android-json-0.0.20131108.vaadin1.jar:/Users/dineshkorani/.m2/repository/org/springframework/spring-test/5.0.4.RELEASE/spring-test-5.0.4.RELEASE.jar:/Users/dineshkorani/.m2/repository/org/xmlunit/xmlunit-core/2.5.1/xmlunit-core-2.5.1.jar:/Users/dineshkorani/.m2/repository/com/h2database/h2/1.4.194/h2-1.4.194.jar:"/>
    <property name="java.vm.vendor" value="Oracle Corporation"/>
    <property name="sun.arch.data.model" value="64"/>
    <property name="java.vendor.url" value="http://java.oracle.com/"/>
    <property name="user.timezone" value=""/>
    <property name="java.vm.specification.version" value="1.8"/>
    <property name="os.name" value="Mac OS X"/>
    <property name="user.country" value="IN"/>
    <property name="sun.java.launcher" value="SUN_STANDARD"/>
    <property name="sun.boot.library.path" value="/Library/Java/JavaVirtualMachines/jdk1.8.0_161.jdk/Contents/Home/jre/lib"/>
    <property name="sun.java.command" value="/Users/dineshkorani/temp/city_auto/cit_autocomplete/target/surefire/surefirebooter3503505220816101974.jar /Users/dineshkorani/temp/city_auto/cit_autocomplete/target/surefire 2018-10-15T00-08-45_983-jvmRun1 surefire289440803031377820tmp surefire_01584810528891476990tmp"/>
    <property name="http.nonProxyHosts" value="local|*.local|169.254/16|*.169.254/16"/>
    <property name="surefire.test.class.path" value="/Users/dineshkorani/temp/city_auto/cit_autocomplete/target/test-classes:/Users/dineshkorani/temp/city_auto/cit_autocomplete/target/classes:/Users/dineshkorani/.m2/repository/org/springframework/boot/spring-boot-starter/2.0.0.RELEASE/spring-boot-starter-2.0.0.RELEASE.jar:/Users/dineshkorani/.m2/repository/org/springframework/boot/spring-boot/2.0.0.RELEASE/spring-boot-2.0.0.RELEASE.jar:/Users/dineshkorani/.m2/repository/org/springframework/boot/spring-boot-autoconfigure/2.0.0.RELEASE/spring-boot-autoconfigure-2.0.0.RELEASE.jar:/Users/dineshkorani/.m2/repository/org/springframework/boot/spring-boot-starter-logging/2.0.0.RELEASE/spring-boot-starter-logging-2.0.0.RELEASE.jar:/Users/dineshkorani/.m2/repository/ch/qos/logback/logback-classic/1.2.3/logback-classic-1.2.3.jar:/Users/dineshkorani/.m2/repository/ch/qos/logback/logback-core/1.2.3/logback-core-1.2.3.jar:/Users/dineshkorani/.m2/repository/org/apache/logging/log4j/log4j-to-slf4j/2.10.0/log4j-to-slf4j-2.10.0.jar:/Users/dineshkorani/.m2/repository/javax/annotation/javax.annotation-api/1.3.2/javax.annotation-api-1.3.2.jar:/Users/dineshkorani/.m2/repository/org/springframework/spring-core/5.0.4.RELEASE/spring-core-5.0.4.RELEASE.jar:/Users/dineshkorani/.m2/repository/org/springframework/spring-jcl/5.0.4.RELEASE/spring-jcl-5.0.4.RELEASE.jar:/Users/dineshkorani/.m2/repository/org/yaml/snakeyaml/1.19/snakeyaml-1.19.jar:/Users/dineshkorani/.m2/repository/org/springframework/boot/spring-boot-starter-web/2.0.0.RELEASE/spring-boot-starter-web-2.0.0.RELEASE.jar:/Users/dineshkorani/.m2/repository/org/springframework/boot/spring-boot-starter-json/2.0.0.RELEASE/spring-boot-starter-json-2.0.0.RELEASE.jar:/Users/dineshkorani/.m2/repository/com/fasterxml/jackson/datatype/jackson-datatype-jsr310/2.9.4/jackson-datatype-jsr310-2.9.4.jar:/Users/dineshkorani/.m2/repository/com/fasterxml/jackson/module/jackson-module-parameter-names/2.9.4/jackson-module-parameter-names-2.9.4.jar:/Users/dineshkorani/.m2/repository/org/hibernate/validator/hibernate-validator/6.0.7.Final/hibernate-validator-6.0.7.Final.jar:/Users/dineshkorani/.m2/repository/javax/validation/validation-api/2.0.1.Final/validation-api-2.0.1.Final.jar:/Users/dineshkorani/.m2/repository/org/jboss/logging/jboss-logging/3.3.2.Final/jboss-logging-3.3.2.Final.jar:/Users/dineshkorani/.m2/repository/com/fasterxml/classmate/1.3.4/classmate-1.3.4.jar:/Users/dineshkorani/.m2/repository/org/springframework/spring-web/5.0.4.RELEASE/spring-web-5.0.4.RELEASE.jar:/Users/dineshkorani/.m2/repository/org/springframework/boot/spring-boot-starter-data-redis/2.0.0.RELEASE/spring-boot-starter-data-redis-2.0.0.RELEASE.jar:/Users/dineshkorani/.m2/repository/org/springframework/data/spring-data-redis/2.0.5.RELEASE/spring-data-redis-2.0.5.RELEASE.jar:/Users/dineshkorani/.m2/repository/org/springframework/data/spring-data-keyvalue/2.0.5.RELEASE/spring-data-keyvalue-2.0.5.RELEASE.jar:/Users/dineshkorani/.m2/repository/org/springframework/data/spring-data-commons/2.0.5.RELEASE/spring-data-commons-2.0.5.RELEASE.jar:/Users/dineshkorani/.m2/repository/org/springframework/spring-tx/5.0.4.RELEASE/spring-tx-5.0.4.RELEASE.jar:/Users/dineshkorani/.m2/repository/org/springframework/spring-oxm/5.0.4.RELEASE/spring-oxm-5.0.4.RELEASE.jar:/Users/dineshkorani/.m2/repository/org/slf4j/slf4j-api/1.7.25/slf4j-api-1.7.25.jar:/Users/dineshkorani/.m2/repository/io/lettuce/lettuce-core/5.0.2.RELEASE/lettuce-core-5.0.2.RELEASE.jar:/Users/dineshkorani/.m2/repository/io/projectreactor/reactor-core/3.1.5.RELEASE/reactor-core-3.1.5.RELEASE.jar:/Users/dineshkorani/.m2/repository/org/reactivestreams/reactive-streams/1.0.2/reactive-streams-1.0.2.jar:/Users/dineshkorani/.m2/repository/io/netty/netty-common/4.1.22.Final/netty-common-4.1.22.Final.jar:/Users/dineshkorani/.m2/repository/io/netty/netty-transport/4.1.22.Final/netty-transport-4.1.22.Final.jar:/Users/dineshkorani/.m2/repository/io/netty/netty-buffer/4.1.22.Final/netty-buffer-4.1.22.Final.jar:/Users/dineshkorani/.m2/repository/io/netty/netty-resolver/4.1.22.Final/netty-resolver-4.1.22.Final.jar:/Users/dineshkorani/.m2/repository/io/netty/netty-handler/4.1.22.Final/netty-handler-4.1.22.Final.jar:/Users/dineshkorani/.m2/repository/io/netty/netty-codec/4.1.22.Final/netty-codec-4.1.22.Final.jar:/Users/dineshkorani/.m2/repository/org/springframework/boot/spring-boot-starter-security/2.0.0.RELEASE/spring-boot-starter-security-2.0.0.RELEASE.jar:/Users/dineshkorani/.m2/repository/org/springframework/spring-aop/5.0.4.RELEASE/spring-aop-5.0.4.RELEASE.jar:/Users/dineshkorani/.m2/repository/org/springframework/security/spring-security-config/5.0.3.RELEASE/spring-security-config-5.0.3.RELEASE.jar:/Users/dineshkorani/.m2/repository/org/springframework/security/spring-security-core/5.0.3.RELEASE/spring-security-core-5.0.3.RELEASE.jar:/Users/dineshkorani/.m2/repository/org/springframework/security/spring-security-web/5.0.3.RELEASE/spring-security-web-5.0.3.RELEASE.jar:/Users/dineshkorani/.m2/repository/org/springframework/boot/spring-boot-starter-cache/2.0.0.RELEASE/spring-boot-starter-cache-2.0.0.RELEASE.jar:/Users/dineshkorani/.m2/repository/org/springframework/spring-context/5.0.4.RELEASE/spring-context-5.0.4.RELEASE.jar:/Users/dineshkorani/.m2/repository/com/github/ben-manes/caffeine/caffeine/1.0.0/caffeine-1.0.0.jar:/Users/dineshkorani/.m2/repository/com/github/ben-manes/caffeine/tracing-api/1.0.0/tracing-api-1.0.0.jar:/Users/dineshkorani/.m2/repository/com/google/code/findbugs/jsr305/3.0.0/jsr305-3.0.0.jar:/Users/dineshkorani/.m2/repository/javax/persistence/persistence-api/1.0/persistence-api-1.0.jar:/Users/dineshkorani/.m2/repository/org/springframework/boot/spring-boot-starter-actuator/2.0.0.RELEASE/spring-boot-starter-actuator-2.0.0.RELEASE.jar:/Users/dineshkorani/.m2/repository/org/springframework/boot/spring-boot-actuator-autoconfigure/2.0.0.RELEASE/spring-boot-actuator-autoconfigure-2.0.0.RELEASE.jar:/Users/dineshkorani/.m2/repository/org/springframework/boot/spring-boot-actuator/2.0.0.RELEASE/spring-boot-actuator-2.0.0.RELEASE.jar:/Users/dineshkorani/.m2/repository/io/micrometer/micrometer-core/1.0.1/micrometer-core-1.0.1.jar:/Users/dineshkorani/.m2/repository/org/hdrhistogram/HdrHistogram/2.1.10/HdrHistogram-2.1.10.jar:/Users/dineshkorani/.m2/repository/org/latencyutils/LatencyUtils/2.0.3/LatencyUtils-2.0.3.jar:/Users/dineshkorani/.m2/repository/com/fasterxml/jackson/core/jackson-core/2.9.2/jackson-core-2.9.2.jar:/Users/dineshkorani/.m2/repository/org/springframework/spring-context-support/5.0.4.RELEASE/spring-context-support-5.0.4.RELEASE.jar:/Users/dineshkorani/.m2/repository/org/springframework/spring-beans/5.0.4.RELEASE/spring-beans-5.0.4.RELEASE.jar:/Users/dineshkorani/.m2/repository/com/fasterxml/jackson/core/jackson-databind/2.9.5/jackson-databind-2.9.5.jar:/Users/dineshkorani/.m2/repository/com/fasterxml/jackson/core/jackson-annotations/2.9.0/jackson-annotations-2.9.0.jar:/Users/dineshkorani/.m2/repository/com/fasterxml/jackson/datatype/jackson-datatype-jdk8/2.9.6/jackson-datatype-jdk8-2.9.6.jar:/Users/dineshkorani/.m2/repository/org/springframework/boot/spring-boot-starter-log4j2/2.0.0.RELEASE/spring-boot-starter-log4j2-2.0.0.RELEASE.jar:/Users/dineshkorani/.m2/repository/org/apache/logging/log4j/log4j-slf4j-impl/2.10.0/log4j-slf4j-impl-2.10.0.jar:/Users/dineshkorani/.m2/repository/org/apache/logging/log4j/log4j-api/2.10.0/log4j-api-2.10.0.jar:/Users/dineshkorani/.m2/repository/org/apache/logging/log4j/log4j-core/2.10.0/log4j-core-2.10.0.jar:/Users/dineshkorani/.m2/repository/org/slf4j/jul-to-slf4j/1.7.25/jul-to-slf4j-1.7.25.jar:/Users/dineshkorani/.m2/repository/org/springframework/boot/spring-boot-starter-tomcat/2.0.0.RELEASE/spring-boot-starter-tomcat-2.0.0.RELEASE.jar:/Users/dineshkorani/.m2/repository/org/apache/tomcat/embed/tomcat-embed-core/8.5.28/tomcat-embed-core-8.5.28.jar:/Users/dineshkorani/.m2/repository/org/apache/tomcat/embed/tomcat-embed-el/8.5.28/tomcat-embed-el-8.5.28.jar:/Users/dineshkorani/.m2/repository/org/apache/tomcat/embed/tomcat-embed-websocket/8.5.28/tomcat-embed-websocket-8.5.28.jar:/Users/dineshkorani/.m2/repository/org/apache/tomcat/embed/tomcat-embed-jasper/8.5.28/tomcat-embed-jasper-8.5.28.jar:/Users/dineshkorani/.m2/repository/org/eclipse/jdt/ecj/3.12.3/ecj-3.12.3.jar:/Users/dineshkorani/.m2/repository/org/elasticsearch/client/elasticsearch-rest-high-level-client/6.2.2/elasticsearch-rest-high-level-client-6.2.2.jar:/Users/dineshkorani/.m2/repository/org/elasticsearch/elasticsearch/5.6.8/elasticsearch-5.6.8.jar:/Users/dineshkorani/.m2/repository/org/apache/lucene/lucene-core/6.6.1/lucene-core-6.6.1.jar:/Users/dineshkorani/.m2/repository/org/apache/lucene/lucene-analyzers-common/6.6.1/lucene-analyzers-common-6.6.1.jar:/Users/dineshkorani/.m2/repository/org/apache/lucene/lucene-backward-codecs/6.6.1/lucene-backward-codecs-6.6.1.jar:/Users/dineshkorani/.m2/repository/org/apache/lucene/lucene-grouping/6.6.1/lucene-grouping-6.6.1.jar:/Users/dineshkorani/.m2/repository/org/apache/lucene/lucene-highlighter/6.6.1/lucene-highlighter-6.6.1.jar:/Users/dineshkorani/.m2/repository/org/apache/lucene/lucene-join/6.6.1/lucene-join-6.6.1.jar:/Users/dineshkorani/.m2/repository/org/apache/lucene/lucene-memory/6.6.1/lucene-memory-6.6.1.jar:/Users/dineshkorani/.m2/repository/org/apache/lucene/lucene-misc/6.6.1/lucene-misc-6.6.1.jar:/Users/dineshkorani/.m2/repository/org/apache/lucene/lucene-queries/6.6.1/lucene-queries-6.6.1.jar:/Users/dineshkorani/.m2/repository/org/apache/lucene/lucene-queryparser/6.6.1/lucene-queryparser-6.6.1.jar:/Users/dineshkorani/.m2/repository/org/apache/lucene/lucene-sandbox/6.6.1/lucene-sandbox-6.6.1.jar:/Users/dineshkorani/.m2/repository/org/apache/lucene/lucene-spatial/6.6.1/lucene-spatial-6.6.1.jar:/Users/dineshkorani/.m2/repository/org/apache/lucene/lucene-spatial-extras/6.6.1/lucene-spatial-extras-6.6.1.jar:/Users/dineshkorani/.m2/repository/org/apache/lucene/lucene-spatial3d/6.6.1/lucene-spatial3d-6.6.1.jar:/Users/dineshkorani/.m2/repository/org/apache/lucene/lucene-suggest/6.6.1/lucene-suggest-6.6.1.jar:/Users/dineshkorani/.m2/repository/org/elasticsearch/securesm/1.2/securesm-1.2.jar:/Users/dineshkorani/.m2/repository/net/sf/jopt-simple/jopt-simple/5.0.2/jopt-simple-5.0.2.jar:/Users/dineshkorani/.m2/repository/com/carrotsearch/hppc/0.7.1/hppc-0.7.1.jar:/Users/dineshkorani/.m2/repository/joda-time/joda-time/2.9.9/joda-time-2.9.9.jar:/Users/dineshkorani/.m2/repository/com/fasterxml/jackson/dataformat/jackson-dataformat-smile/2.9.4/jackson-dataformat-smile-2.9.4.jar:/Users/dineshkorani/.m2/repository/com/fasterxml/jackson/dataformat/jackson-dataformat-yaml/2.9.4/jackson-dataformat-yaml-2.9.4.jar:/Users/dineshkorani/.m2/repository/com/fasterxml/jackson/dataformat/jackson-dataformat-cbor/2.9.4/jackson-dataformat-cbor-2.9.4.jar:/Users/dineshkorani/.m2/repository/com/tdunning/t-digest/3.0/t-digest-3.0.jar:/Users/dineshkorani/.m2/repository/org/elasticsearch/jna/4.4.0-1/jna-4.4.0-1.jar:/Users/dineshkorani/.m2/repository/org/elasticsearch/client/elasticsearch-rest-client/6.2.2/elasticsearch-rest-client-6.2.2.jar:/Users/dineshkorani/.m2/repository/org/apache/httpcomponents/httpasyncclient/4.1.3/httpasyncclient-4.1.3.jar:/Users/dineshkorani/.m2/repository/org/apache/httpcomponents/httpcore-nio/4.4.9/httpcore-nio-4.4.9.jar:/Users/dineshkorani/.m2/repository/commons-logging/commons-logging/1.1.3/commons-logging-1.1.3.jar:/Users/dineshkorani/.m2/repository/org/elasticsearch/plugin/parent-join-client/6.2.2/parent-join-client-6.2.2.jar:/Users/dineshkorani/.m2/repository/org/locationtech/spatial4j/spatial4j/0.6/spatial4j-0.6.jar:/Users/dineshkorani/.m2/repository/com/vividsolutions/jts/1.13/jts-1.13.jar:/Users/dineshkorani/.m2/repository/org/elasticsearch/plugin/aggs-matrix-stats-client/6.2.2/aggs-matrix-stats-client-6.2.2.jar:/Users/dineshkorani/.m2/repository/org/elasticsearch/plugin/rank-eval-client/6.2.2/rank-eval-client-6.2.2.jar:/Users/dineshkorani/.m2/repository/com/google/code/gson/gson/2.8.5/gson-2.8.5.jar:/Users/dineshkorani/.m2/repository/org/springframework/spring-webmvc/5.0.9.RELEASE/spring-webmvc-5.0.9.RELEASE.jar:/Users/dineshkorani/.m2/repository/org/springframework/spring-expression/5.0.4.RELEASE/spring-expression-5.0.4.RELEASE.jar:/Users/dineshkorani/.m2/repository/org/apache/httpcomponents/httpclient/4.5.6/httpclient-4.5.6.jar:/Users/dineshkorani/.m2/repository/org/apache/httpcomponents/httpcore/4.4.9/httpcore-4.4.9.jar:/Users/dineshkorani/.m2/repository/commons-codec/commons-codec/1.11/commons-codec-1.11.jar:/Users/dineshkorani/.m2/repository/junit/junit/4.12/junit-4.12.jar:/Users/dineshkorani/.m2/repository/org/hamcrest/hamcrest-core/1.3/hamcrest-core-1.3.jar:/Users/dineshkorani/.m2/repository/org/springframework/boot/spring-boot-starter-test/2.0.4.RELEASE/spring-boot-starter-test-2.0.4.RELEASE.jar:/Users/dineshkorani/.m2/repository/org/springframework/boot/spring-boot-test/2.0.0.RELEASE/spring-boot-test-2.0.0.RELEASE.jar:/Users/dineshkorani/.m2/repository/org/springframework/boot/spring-boot-test-autoconfigure/2.0.0.RELEASE/spring-boot-test-autoconfigure-2.0.0.RELEASE.jar:/Users/dineshkorani/.m2/repository/com/jayway/jsonpath/json-path/2.4.0/json-path-2.4.0.jar:/Users/dineshkorani/.m2/repository/net/minidev/json-smart/2.3/json-smart-2.3.jar:/Users/dineshkorani/.m2/repository/net/minidev/accessors-smart/1.2/accessors-smart-1.2.jar:/Users/dineshkorani/.m2/repository/org/ow2/asm/asm/5.0.4/asm-5.0.4.jar:/Users/dineshkorani/.m2/repository/org/assertj/assertj-core/3.9.1/assertj-core-3.9.1.jar:/Users/dineshkorani/.m2/repository/org/mockito/mockito-core/2.15.0/mockito-core-2.15.0.jar:/Users/dineshkorani/.m2/repository/net/bytebuddy/byte-buddy/1.7.10/byte-buddy-1.7.10.jar:/Users/dineshkorani/.m2/repository/net/bytebuddy/byte-buddy-agent/1.7.10/byte-buddy-agent-1.7.10.jar:/Users/dineshkorani/.m2/repository/org/objenesis/objenesis/2.6/objenesis-2.6.jar:/Users/dineshkorani/.m2/repository/org/hamcrest/hamcrest-library/1.3/hamcrest-library-1.3.jar:/Users/dineshkorani/.m2/repository/org/skyscreamer/jsonassert/1.5.0/jsonassert-1.5.0.jar:/Users/dineshkorani/.m2/repository/com/vaadin/external/google/android-json/0.0.20131108.vaadin1/android-json-0.0.20131108.vaadin1.jar:/Users/dineshkorani/.m2/repository/org/springframework/spring-test/5.0.4.RELEASE/spring-test-5.0.4.RELEASE.jar:/Users/dineshkorani/.m2/repository/org/xmlunit/xmlunit-core/2.5.1/xmlunit-core-2.5.1.jar:/Users/dineshkorani/.m2/repository/com/h2database/h2/1.4.194/h2-1.4.194.jar:"/>
    <property name="sun.cpu.endian" value="little"/>
    <property name="user.home" value="/Users/dineshkorani"/>
    <property name="user.language" value="en"/>
    <property name="java.specification.vendor" value="Oracle Corporation"/>
    <property name="java.home" value="/Library/Java/JavaVirtualMachines/jdk1.8.0_161.jdk/Contents/Home/jre"/>
    <property name="basedir" value="/Users/dineshkorani/temp/city_auto/cit_autocomplete"/>
    <property name="file.separator" value="/"/>
    <property name="line.separator" value="&#10;"/>
    <property name="java.vm.specification.vendor" value="Oracle Corporation"/>
    <property name="java.specification.name" value="Java Platform API Specification"/>
    <property name="java.awt.graphicsenv" value="sun.awt.CGraphicsEnvironment"/>
    <property name="surefire.real.class.path" value="/Users/dineshkorani/temp/city_auto/cit_autocomplete/target/surefire/surefirebooter3503505220816101974.jar"/>
    <property name="sun.boot.class.path" value="/Library/Java/JavaVirtualMachines/jdk1.8.0_161.jdk/Contents/Home/jre/lib/resources.jar:/Library/Java/JavaVirtualMachines/jdk1.8.0_161.jdk/Contents/Home/jre/lib/rt.jar:/Library/Java/JavaVirtualMachines/jdk1.8.0_161.jdk/Contents/Home/jre/lib/sunrsasign.jar:/Library/Java/JavaVirtualMachines/jdk1.8.0_161.jdk/Contents/Home/jre/lib/jsse.jar:/Library/Java/JavaVirtualMachines/jdk1.8.0_161.jdk/Contents/Home/jre/lib/jce.jar:/Library/Java/JavaVirtualMachines/jdk1.8.0_161.jdk/Contents/Home/jre/lib/charsets.jar:/Library/Java/JavaVirtualMachines/jdk1.8.0_161.jdk/Contents/Home/jre/lib/jfr.jar:/Library/Java/JavaVirtualMachines/jdk1.8.0_161.jdk/Contents/Home/jre/classes"/>
    <property name="sun.management.compiler" value="HotSpot 64-Bit Tiered Compilers"/>
    <property name="ftp.nonProxyHosts" value="local|*.local|169.254/16|*.169.254/16"/>
    <property name="java.runtime.version" value="1.8.0_161-b12"/>
    <property name="user.name" value="dineshkorani"/>
    <property name="path.separator" value=":"/>
    <property name="os.version" value="10.13.4"/>
    <property name="java.endorsed.dirs" value="/Library/Java/JavaVirtualMachines/jdk1.8.0_161.jdk/Contents/Home/jre/lib/endorsed"/>
    <property name="java.runtime.name" value="Java(TM) SE Runtime Environment"/>
    <property name="file.encoding" value="US-ASCII"/>
    <property name="java.vm.name" value="Java HotSpot(TM) 64-Bit Server VM"/>
    <property name="localRepository" value="/Users/dineshkorani/.m2/repository"/>
    <property name="java.vendor.url.bug" value="http://bugreport.sun.com/bugreport/"/>
    <property name="java.io.tmpdir" value="/var/folders/ls/9xdvtc7j11v3_1jmb27zdn100000gp/T/"/>
    <property name="java.version" value="1.8.0_161"/>
    <property name="user.dir" value="/Users/dineshkorani/temp/city_auto/cit_autocomplete"/>
    <property name="os.arch" value="x86_64"/>
    <property name="java.vm.specification.name" value="Java Virtual Machine Specification"/>
    <property name="java.awt.printerjob" value="sun.lwawt.macosx.CPrinterJob"/>
    <property name="sun.os.patch.level" value="unknown"/>
    <property name="java.library.path" value="/Users/dineshkorani/Library/Java/Extensions:/Library/Java/Extensions:/Network/Library/Java/Extensions:/System/Library/Java/Extensions:/usr/lib/java:."/>
    <property name="java.vm.info" value="mixed mode"/>
    <property name="java.vendor" value="Oracle Corporation"/>
    <property name="java.vm.version" value="25.161-b12"/>
    <property name="java.ext.dirs" value="/Users/dineshkorani/Library/Java/Extensions:/Library/Java/JavaVirtualMachines/jdk1.8.0_161.jdk/Contents/Home/jre/lib/ext:/Library/Java/Extensions:/Network/Library/Java/Extensions:/System/Library/Java/Extensions:/usr/lib/java"/>
    <property name="sun.io.unicode.encoding" value="UnicodeBig"/>
    <property name="java.class.version" value="52.0"/>
    <property name="socksNonProxyHosts" value="local|*.local|169.254/16|*.169.254/16"/>
  </properties>
  <testcase name="testGetAutoCompleteCities" classname="com.test.services.AutoCompleteServiceTest" time="0.324"/>
</testsuite>